DEBUG:root:Searching profession called - Бухгалтер-претензионист
INFO:root:Page num: 1
INFO:root:Started four processes for parsing
DEBUG:root:Searching profession called - Бухгалтер-ревизор
INFO:root:Page num: 1
INFO:root:Started four processes for parsing
INFO:root:Started four processes for parsing
INFO:root:Parsing resume...
INFO:root:Parsing resume...
INFO:root:Parsing resume...
INFO:root:Parsing resume...
WARNING:root:Has no COURSES
INFO:root:Бухгалтер-ревизор - added to database.
INFO:root:Parsing resume...
WARNING:root:Has no COURSES
INFO:root:Бухгалтер-ревизор - added to database.
WARNING:root:Has no COURSES
INFO:root:Бухгалтер-ревизор - added to database.
WARNING:root:Has no COURSES
INFO:root:Бухгалтер-ревизор - added to database.
WARNING:root:Has no COURSES
INFO:root:Бухгалтер-ревизор - added to database.
DEBUG:root:Searching profession called - Внутренний бухгалтер-ревизор
INFO:root:Page num: 1
INFO:root:Started four processes for parsing
